time_slot=15, torch_seed=46, num_link=223, num_his=8, num_pred=8, L=2, K=8, d=8, train_ratio=0.7, val_ratio=0.1, test_ratio=0.2, batch_size=4, max_epoch=100, patience=8, learning_rate=0.003, decay_epoch=20, traffic_file='./data/Traffic_speed_(24, 33).csv', query_file='./data/query_beijing_0201_grid_start_destination_count.npz', SE_file='./data/Gf_grid_24_33_id.txt', adj_file='./data/edge_list_grid_(24,33)_weight.txt', row=24, col=33, model_file='./save_model/grid_24_33/Model_GF_test.pkl', log_file='./log/grid_24_33/log_test', STE_SE_FC_bn_decay=0.1, STE_SE_FC_drop=0.07, STE_SE_FC_act1='relu', STE_SE_FC_act2='none', STE_TE_FC_bn_decay=0.1, STE_TE_FC_drop=0.01, STE_TE_FC_act1='relu', STE_TE_FC_act2='none', FFT_FC_bn_decay=0.05, FFT_FC_drop=0.01, FFT_FC_act1='relu', FFT_FC_act2='none', KNA_W_bn_decay=0.1, KNA_W_drop=0.01, KNA_W_act1='relu', KNA_W_act2='none', KNA_Wq_bn_decay=0.1, KNA_Wq_drop=0.01, KNA_Wq_act='none', KNA_Wk_bn_decay=0.1, KNA_Wk_drop=0.01, KNA_Wk_act='none', KNA_Wv_bn_decay=0.1, KNA_Wv_drop=0.01, KNA_Wv_act='none', KNA_Fusion_bn_decay=0.1, KNA_Fusion_drop=0.01, KNA_Fusion_act='relu', SA_FCq_bn_decay=0.1, SA_FCq_drop=0.01, SA_FCq_act='relu', SA_FCk_bn_decay=0.1, SA_FCk_drop=0.01, SA_FCk_act='relu', SA_FCv_bn_decay=0.1, SA_FCv_drop=0.01, SA_FCv_act='relu', SA_FC_bn_decay=0.1, SA_FC_drop=0.01, SA_FC_act='relu', TA_Wq_bn_decay=0.1, TA_Wq_drop=0.01, TA_Wq_act='none', TA_Wk_bn_decay=0.1, TA_Wk_drop=0.01, TA_Wk_act='none', TA_Wv_bn_decay=0.1, TA_Wv_drop=0.01, TA_Wv_act='none', TA_Fusion_bn_decay=0.1, TA_Fusion_drop=0.01, TA_Fusion_act='relu', NAV_Wq_bn_decay=0.1, NAV_Wq_drop=0.01, NAV_Wq_act='none', NAV_Wk_bn_decay=0.1, NAV_Wk_drop=0.01, NAV_Wk_act='none', NAV_Wv_bn_decay=0.1, NAV_Wv_drop=0.01, NAV_Wv_act='none', NAV_Mapping_bn_decay=0.1, NAV_Mapping_drop=0.01, NAV_Mapping_act='relu', NAV_Fusion_bn_decay=0.1, NAV_Fusion_drop=0.01, NAV_Fusion_act='relu', STB_SpatialFusion_bn_decay=0.1, STB_SpatialFusion_drop=0.01, STB_SpatialFusion_act='relu', STB_TemporalFusion_bn_decay=0.1, STB_TemporalFusion_drop=0.01, STB_TemporalFusion_act='relu', STB_FinalFusion_bn_decay=0.1, STB_FinalFusion_drop=0.01, STB_FinalFusion_act='relu', STB_Gate_bn_decay=0.1, STB_Gate_drop=0.01, STB_Gate_act1='relu', STB_Gate_act2='sigmoid', TA_FCq_bn_decay=0.1, TA_FCq_drop=0.01, TA_FCq_act='relu', TA_FCk_bn_decay=0.1, TA_FCk_drop=0.01, TA_FCk_act='relu', TA_FCv_bn_decay=0.1, TA_FCv_drop=0.01, TA_FCv_act='relu', TA_FC_bn_decay=0.1, TA_FC_drop=0.01, TA_FC_act='relu', Traffic_Linear_bn_decay=0.1, Traffic_Linear_drop=0.01, Traffic_Linear_act1='relu', Traffic_Linear_act2='none', Query_Linear_bn_decay=0.1, Query_Linear_drop=0.01, Query_Linear_act1='relu', Query_Linear_act2='none', Output_bn_decay=0.1, Output_drop=0.01, Output_act1='relu', Output_act2='none', GDC_bn_decay=0.1, TSP_bn_decay=0.1
Using device: cuda:0
trainX: torch.Size([4084, 8, 223])		 trainY: torch.Size([4084, 8, 223])
valX:   torch.Size([571, 8, 223])		valY:   torch.Size([571, 8, 223])
testX:   torch.Size([1156, 8, 223])		testY:   torch.Size([1156, 8, 223])
mean:   31.8979		std:   10.7164
data loaded!
compiling model...
trainable parameters: 655,648
**** training model ****
2025-08-29 09:24:41 | epoch: 0001/100, training time: 124.1s, inference time: 4.1s
train loss: 3.0120, val_loss: 2.2700
val loss decrease from inf to 2.2700, saving model to ./save_model/grid_24_33/Model_GF_test.pkl
2025-08-29 09:26:56 | epoch: 0002/100, training time: 130.1s, inference time: 4.1s
train loss: 2.7772, val_loss: 2.2377
val loss decrease from 2.2700 to 2.2377, saving model to ./save_model/grid_24_33/Model_GF_test.pkl
2025-08-29 09:29:03 | epoch: 0003/100, training time: 123.0s, inference time: 4.1s
train loss: 2.7047, val_loss: 2.3049
2025-08-29 09:31:09 | epoch: 0004/100, training time: 122.1s, inference time: 4.0s
train loss: 2.6966, val_loss: 2.1166
val loss decrease from 2.2377 to 2.1166, saving model to ./save_model/grid_24_33/Model_GF_test.pkl
2025-08-29 09:33:21 | epoch: 0005/100, training time: 127.7s, inference time: 4.1s
train loss: 2.6961, val_loss: 2.1407
2025-08-29 09:35:42 | epoch: 0006/100, training time: 137.0s, inference time: 4.1s
train loss: 2.6073, val_loss: 2.0788
val loss decrease from 2.1166 to 2.0788, saving model to ./save_model/grid_24_33/Model_GF_test.pkl
2025-08-29 09:37:50 | epoch: 0007/100, training time: 123.8s, inference time: 4.1s
train loss: 2.6304, val_loss: 2.1474
2025-08-29 09:39:57 | epoch: 0008/100, training time: 122.9s, inference time: 4.0s
train loss: 2.6335, val_loss: 2.1240
2025-08-29 09:42:05 | epoch: 0009/100, training time: 124.0s, inference time: 4.0s
train loss: 2.6222, val_loss: 2.1070
2025-08-29 09:44:10 | epoch: 0010/100, training time: 121.5s, inference time: 4.0s
train loss: 2.6197, val_loss: 2.2007
2025-08-29 09:46:20 | epoch: 0011/100, training time: 125.8s, inference time: 4.0s
train loss: 2.5942, val_loss: 2.0591
val loss decrease from 2.0788 to 2.0591, saving model to ./save_model/grid_24_33/Model_GF_test.pkl
2025-08-29 09:48:29 | epoch: 0012/100, training time: 125.3s, inference time: 4.0s
train loss: 2.5865, val_loss: 2.1122
2025-08-29 09:50:34 | epoch: 0013/100, training time: 120.6s, inference time: 4.0s
train loss: 2.5712, val_loss: 2.1685
2025-08-29 09:52:39 | epoch: 0014/100, training time: 121.7s, inference time: 4.0s
train loss: 2.5641, val_loss: 2.0510
val loss decrease from 2.0591 to 2.0510, saving model to ./save_model/grid_24_33/Model_GF_test.pkl
2025-08-29 09:54:47 | epoch: 0015/100, training time: 124.0s, inference time: 4.0s
train loss: 2.5627, val_loss: 2.0327
val loss decrease from 2.0510 to 2.0327, saving model to ./save_model/grid_24_33/Model_GF_test.pkl
2025-08-29 09:56:52 | epoch: 0016/100, training time: 120.8s, inference time: 3.9s
train loss: 2.5718, val_loss: 2.0790
2025-08-29 09:58:57 | epoch: 0017/100, training time: 121.2s, inference time: 3.9s
train loss: 2.5488, val_loss: 2.0550
2025-08-29 10:01:02 | epoch: 0018/100, training time: 120.8s, inference time: 3.9s
train loss: 2.5054, val_loss: 2.0893
2025-08-29 10:03:21 | epoch: 0019/100, training time: 134.8s, inference time: 4.1s
train loss: 2.5193, val_loss: 2.1884
2025-08-29 10:05:27 | epoch: 0020/100, training time: 122.5s, inference time: 4.1s
train loss: 2.5457, val_loss: 2.1089
2025-08-29 10:07:44 | epoch: 0021/100, training time: 132.6s, inference time: 3.9s
train loss: 2.5408, val_loss: 2.0651
2025-08-29 10:09:48 | epoch: 0022/100, training time: 120.5s, inference time: 3.9s
train loss: 2.5017, val_loss: 2.1002
2025-08-29 10:11:58 | epoch: 0023/100, training time: 125.6s, inference time: 4.0s
train loss: 2.5106, val_loss: 2.0431
early stop at epoch: 0023
Training completed. Best model saved to ./save_model/grid_24_33/Model_GF_test.pkl
**** testing model ****
loading model from ./save_model/grid_24_33/Model_GF_test.pkl
model loaded!
evaluating...
train MAE: 1.8666, RMSE: 2.8752, MAPE: 6.41%
performance in each prediction step (train)
step 1: MAE=1.5483, RMSE=2.3189, MAPE=5.30%
step 2: MAE=1.8701, RMSE=2.8675, MAPE=6.39%
step 3: MAE=1.9022, RMSE=2.9351, MAPE=6.53%
step 4: MAE=1.9034, RMSE=2.9437, MAPE=6.54%
step 5: MAE=1.9059, RMSE=2.9505, MAPE=6.56%
step 6: MAE=1.9131, RMSE=2.9633, MAPE=6.59%
step 7: MAE=1.9294, RMSE=2.9870, MAPE=6.65%
step 8: MAE=1.9602, RMSE=3.0358, MAPE=6.76%
average: MAE=1.8666, RMSE=2.8752, MAPE=6.41%
val MAE: 2.0445, RMSE: 3.1183, MAPE: 7.00%
performance in each prediction step (val)
step 1: MAE=1.6494, RMSE=2.4411, MAPE=5.62%
step 2: MAE=2.0197, RMSE=3.0467, MAPE=6.90%
step 3: MAE=2.0780, RMSE=3.1646, MAPE=7.13%
step 4: MAE=2.0952, RMSE=3.2143, MAPE=7.20%
step 5: MAE=2.1104, RMSE=3.2389, MAPE=7.24%
step 6: MAE=2.1224, RMSE=3.2595, MAPE=7.28%
step 7: MAE=2.1338, RMSE=3.2793, MAPE=7.31%
step 8: MAE=2.1473, RMSE=3.3020, MAPE=7.36%
average: MAE=2.0445, RMSE=3.1183, MAPE=7.00%
test MAE: 2.0764, RMSE: 3.1736, MAPE: 7.12%
performance in each prediction step (test)
step 1: MAE=1.6530, RMSE=2.4291, MAPE=5.65%
step 2: MAE=2.0450, RMSE=3.1047, MAPE=7.00%
step 3: MAE=2.1097, RMSE=3.2340, MAPE=7.23%
step 4: MAE=2.1298, RMSE=3.2749, MAPE=7.30%
step 5: MAE=2.1464, RMSE=3.3015, MAPE=7.36%
step 6: MAE=2.1616, RMSE=3.3280, MAPE=7.41%
step 7: MAE=2.1762, RMSE=3.3487, MAPE=7.47%
step 8: MAE=2.1893, RMSE=3.3677, MAPE=7.51%
average: MAE=2.0764, RMSE=3.1736, MAPE=7.12%
total testing time: 40.3s
total time: 50.4min
