time_slot=15, torch_seed=46, num_link=223, num_his=8, num_pred=8, L=2, K=8, d=16, train_ratio=0.7, val_ratio=0.1, test_ratio=0.2, batch_size=8, max_epoch=100, patience=8, learning_rate=0.003, decay_epoch=20, traffic_file='./data/Traffic_speed_(24, 33).csv', query_file='./data/query_beijing_0201_grid_start_destination_count.npz', SE_file='./data/Gf_grid_24_33_id.txt', adj_file='./data/edge_list_grid_(24,33)_weight.txt', row=24, col=33, model_file='./save_model/grid_24_33/Model_GF_test.pkl', log_file='./log/grid_24_33/log_test', STE_SE_FC_bn_decay=0.1, STE_SE_FC_drop=0.07, STE_SE_FC_act1='relu', STE_SE_FC_act2='none', STE_TE_FC_bn_decay=0.1, STE_TE_FC_drop=0.01, STE_TE_FC_act1='relu', STE_TE_FC_act2='none', FFT_FC_bn_decay=0.05, FFT_FC_drop=0.01, FFT_FC_act1='relu', FFT_FC_act2='none', KNA_W_bn_decay=0.1, KNA_W_drop=0.01, KNA_W_act1='relu', KNA_W_act2='none', KNA_Wq_bn_decay=0.1, KNA_Wq_drop=0.01, KNA_Wq_act='none', KNA_Wk_bn_decay=0.1, KNA_Wk_drop=0.01, KNA_Wk_act='none', KNA_Wv_bn_decay=0.1, KNA_Wv_drop=0.01, KNA_Wv_act='none', KNA_Fusion_bn_decay=0.1, KNA_Fusion_drop=0.01, KNA_Fusion_act='relu', SA_FCq_bn_decay=0.1, SA_FCq_drop=0.01, SA_FCq_act='relu', SA_FCk_bn_decay=0.1, SA_FCk_drop=0.01, SA_FCk_act='relu', SA_FCv_bn_decay=0.1, SA_FCv_drop=0.01, SA_FCv_act='relu', SA_FC_bn_decay=0.1, SA_FC_drop=0.01, SA_FC_act='relu', TA_Wq_bn_decay=0.1, TA_Wq_drop=0.01, TA_Wq_act='none', TA_Wk_bn_decay=0.1, TA_Wk_drop=0.01, TA_Wk_act='none', TA_Wv_bn_decay=0.1, TA_Wv_drop=0.01, TA_Wv_act='none', TA_Fusion_bn_decay=0.1, TA_Fusion_drop=0.01, TA_Fusion_act='relu', NAV_Wq_bn_decay=0.1, NAV_Wq_drop=0.01, NAV_Wq_act='none', NAV_Wk_bn_decay=0.1, NAV_Wk_drop=0.01, NAV_Wk_act='none', NAV_Wv_bn_decay=0.1, NAV_Wv_drop=0.01, NAV_Wv_act='none', NAV_Mapping_bn_decay=0.1, NAV_Mapping_drop=0.01, NAV_Mapping_act='relu', NAV_Fusion_bn_decay=0.1, NAV_Fusion_drop=0.01, NAV_Fusion_act='relu', STB_SpatialFusion_bn_decay=0.1, STB_SpatialFusion_drop=0.01, STB_SpatialFusion_act='relu', STB_TemporalFusion_bn_decay=0.1, STB_TemporalFusion_drop=0.01, STB_TemporalFusion_act='relu', STB_FinalFusion_bn_decay=0.1, STB_FinalFusion_drop=0.01, STB_FinalFusion_act='relu', STB_Gate_bn_decay=0.1, STB_Gate_drop=0.01, STB_Gate_act1='relu', STB_Gate_act2='sigmoid', TA_FCq_bn_decay=0.1, TA_FCq_drop=0.01, TA_FCq_act='relu', TA_FCk_bn_decay=0.1, TA_FCk_drop=0.01, TA_FCk_act='relu', TA_FCv_bn_decay=0.1, TA_FCv_drop=0.01, TA_FCv_act='relu', TA_FC_bn_decay=0.1, TA_FC_drop=0.01, TA_FC_act='relu', Traffic_Linear_bn_decay=0.1, Traffic_Linear_drop=0.01, Traffic_Linear_act1='relu', Traffic_Linear_act2='none', Query_Linear_bn_decay=0.1, Query_Linear_drop=0.01, Query_Linear_act1='relu', Query_Linear_act2='none', Output_bn_decay=0.1, Output_drop=0.01, Output_act1='relu', Output_act2='none', GDC_bn_decay=0.1, TSP_bn_decay=0.1
Using device: cuda:0
trainX: torch.Size([4084, 8, 223])		 trainY: torch.Size([4084, 8, 223])
valX:   torch.Size([571, 8, 223])		valY:   torch.Size([571, 8, 223])
testX:   torch.Size([1156, 8, 223])		testY:   torch.Size([1156, 8, 223])
mean:   31.8979		std:   10.7164
data loaded!
compiling model...
trainable parameters: 2,479,584
**** training model ****
2025-08-29 04:10:52 | epoch: 0001/100, training time: 114.5s, inference time: 3.0s
train loss: 2.7629, val_loss: 2.2578
val loss decrease from inf to 2.2578, saving model to ./save_model/grid_24_33/Model_GF_test.pkl
2025-08-29 04:12:48 | epoch: 0002/100, training time: 113.6s, inference time: 2.9s
train loss: 2.4901, val_loss: 2.0871
val loss decrease from 2.2578 to 2.0871, saving model to ./save_model/grid_24_33/Model_GF_test.pkl
2025-08-29 04:14:47 | epoch: 0003/100, training time: 115.4s, inference time: 2.9s
train loss: 2.3728, val_loss: 2.0961
2025-08-29 04:16:44 | epoch: 0004/100, training time: 114.1s, inference time: 2.9s
train loss: 2.3767, val_loss: 2.0805
val loss decrease from 2.0871 to 2.0805, saving model to ./save_model/grid_24_33/Model_GF_test.pkl
2025-08-29 04:18:42 | epoch: 0005/100, training time: 115.9s, inference time: 2.9s
train loss: 2.3492, val_loss: 2.1531
2025-08-29 04:20:39 | epoch: 0006/100, training time: 114.0s, inference time: 3.0s
train loss: 2.3255, val_loss: 2.0519
val loss decrease from 2.0805 to 2.0519, saving model to ./save_model/grid_24_33/Model_GF_test.pkl
2025-08-29 04:22:38 | epoch: 0007/100, training time: 116.1s, inference time: 3.0s
train loss: 2.3226, val_loss: 2.0555
2025-08-29 04:24:36 | epoch: 0008/100, training time: 114.3s, inference time: 2.9s
train loss: 2.2829, val_loss: 2.0603
2025-08-29 04:26:34 | epoch: 0009/100, training time: 115.8s, inference time: 3.0s
train loss: 2.2960, val_loss: 2.0740
2025-08-29 04:28:32 | epoch: 0010/100, training time: 114.8s, inference time: 3.0s
train loss: 2.2767, val_loss: 2.0813
2025-08-29 04:30:31 | epoch: 0011/100, training time: 116.0s, inference time: 2.9s
train loss: 2.2879, val_loss: 2.0204
val loss decrease from 2.0519 to 2.0204, saving model to ./save_model/grid_24_33/Model_GF_test.pkl
2025-08-29 04:32:29 | epoch: 0012/100, training time: 115.0s, inference time: 3.0s
train loss: 2.2711, val_loss: 2.0689
2025-08-29 04:34:28 | epoch: 0013/100, training time: 115.6s, inference time: 3.0s
train loss: 2.2477, val_loss: 2.0475
2025-08-29 04:36:24 | epoch: 0014/100, training time: 113.5s, inference time: 3.0s
train loss: 2.2539, val_loss: 2.0895
2025-08-29 04:38:23 | epoch: 0015/100, training time: 116.0s, inference time: 3.0s
train loss: 2.2446, val_loss: 2.0593
2025-08-29 04:40:22 | epoch: 0016/100, training time: 115.7s, inference time: 3.0s
train loss: 2.2278, val_loss: 2.0465
2025-08-29 04:42:22 | epoch: 0017/100, training time: 117.3s, inference time: 2.9s
train loss: 2.2325, val_loss: 2.0678
2025-08-29 04:44:20 | epoch: 0018/100, training time: 115.4s, inference time: 3.0s
train loss: 2.2238, val_loss: 2.0656
2025-08-29 04:46:19 | epoch: 0019/100, training time: 116.1s, inference time: 3.0s
train loss: 2.1972, val_loss: 2.0477
early stop at epoch: 0019
Training completed. Best model saved to ./save_model/grid_24_33/Model_GF_test.pkl
**** testing model ****
loading model from ./save_model/grid_24_33/Model_GF_test.pkl
model loaded!
evaluating...
train MAE: 1.8041, RMSE: 2.7986, MAPE: 6.11%
performance in each prediction step (train)
step 1: MAE=1.5330, RMSE=2.3289, MAPE=5.18%
step 2: MAE=1.8166, RMSE=2.8147, MAPE=6.13%
step 3: MAE=1.8351, RMSE=2.8565, MAPE=6.21%
step 4: MAE=1.8323, RMSE=2.8526, MAPE=6.20%
step 5: MAE=1.8326, RMSE=2.8522, MAPE=6.22%
step 6: MAE=1.8422, RMSE=2.8697, MAPE=6.26%
step 7: MAE=1.8545, RMSE=2.8855, MAPE=6.30%
step 8: MAE=1.8863, RMSE=2.9289, MAPE=6.42%
average: MAE=1.8041, RMSE=2.7986, MAPE=6.11%
val MAE: 2.0478, RMSE: 3.1591, MAPE: 7.02%
performance in each prediction step (val)
step 1: MAE=1.6645, RMSE=2.5039, MAPE=5.68%
step 2: MAE=2.0200, RMSE=3.1024, MAPE=6.91%
step 3: MAE=2.0787, RMSE=3.2130, MAPE=7.13%
step 4: MAE=2.0964, RMSE=3.2432, MAPE=7.19%
step 5: MAE=2.1122, RMSE=3.2717, MAPE=7.25%
step 6: MAE=2.1242, RMSE=3.2985, MAPE=7.29%
step 7: MAE=2.1352, RMSE=3.3129, MAPE=7.32%
step 8: MAE=2.1514, RMSE=3.3270, MAPE=7.36%
average: MAE=2.0478, RMSE=3.1591, MAPE=7.02%
test MAE: 2.0957, RMSE: 3.2296, MAPE: 7.16%
performance in each prediction step (test)
step 1: MAE=1.6923, RMSE=2.5264, MAPE=5.77%
step 2: MAE=2.0644, RMSE=3.1742, MAPE=7.03%
step 3: MAE=2.1263, RMSE=3.2870, MAPE=7.26%
step 4: MAE=2.1484, RMSE=3.3225, MAPE=7.34%
step 5: MAE=2.1655, RMSE=3.3528, MAPE=7.41%
step 6: MAE=2.1756, RMSE=3.3761, MAPE=7.45%
step 7: MAE=2.1883, RMSE=3.3926, MAPE=7.49%
step 8: MAE=2.2050, RMSE=3.4050, MAPE=7.55%
average: MAE=2.0957, RMSE=3.2296, MAPE=7.16%
total testing time: 30.1s
total time: 38.2min
