time_slot=15, torch_seed=46, num_link=223, num_his=8, num_pred=8, L=2, K=8, d=8, train_ratio=0.7, val_ratio=0.1, test_ratio=0.2, batch_size=8, max_epoch=100, patience=8, learning_rate=0.003, decay_epoch=25, traffic_file='./data/Traffic_speed_(24, 33).csv', query_file='./data/query_beijing_0201_grid_start_destination_count.npz', SE_file='./data/Gf_grid_24_33_id.txt', adj_file='./data/edge_list_grid_(24,33)_weight.txt', row=24, col=33, model_file='./save_model/grid_24_33/Model_GF_test.pkl', log_file='./log/grid_24_33/log_test', STE_SE_FC_bn_decay=0.1, STE_SE_FC_drop=0.07, STE_SE_FC_act1='relu', STE_SE_FC_act2='none', STE_TE_FC_bn_decay=0.1, STE_TE_FC_drop=0.01, STE_TE_FC_act1='relu', STE_TE_FC_act2='none', FFT_FC_bn_decay=0.05, FFT_FC_drop=0.01, FFT_FC_act1='relu', FFT_FC_act2='none', KNA_W_bn_decay=0.1, KNA_W_drop=0.01, KNA_W_act1='relu', KNA_W_act2='none', KNA_Wq_bn_decay=0.1, KNA_Wq_drop=0.01, KNA_Wq_act='none', KNA_Wk_bn_decay=0.1, KNA_Wk_drop=0.01, KNA_Wk_act='none', KNA_Wv_bn_decay=0.1, KNA_Wv_drop=0.01, KNA_Wv_act='none', KNA_Fusion_bn_decay=0.1, KNA_Fusion_drop=0.01, KNA_Fusion_act='relu', SA_FCq_bn_decay=0.1, SA_FCq_drop=0.01, SA_FCq_act='relu', SA_FCk_bn_decay=0.1, SA_FCk_drop=0.01, SA_FCk_act='relu', SA_FCv_bn_decay=0.1, SA_FCv_drop=0.01, SA_FCv_act='relu', SA_FC_bn_decay=0.1, SA_FC_drop=0.01, SA_FC_act='relu', TA_Wq_bn_decay=0.1, TA_Wq_drop=0.01, TA_Wq_act='none', TA_Wk_bn_decay=0.1, TA_Wk_drop=0.01, TA_Wk_act='none', TA_Wv_bn_decay=0.1, TA_Wv_drop=0.01, TA_Wv_act='none', TA_Fusion_bn_decay=0.1, TA_Fusion_drop=0.01, TA_Fusion_act='relu', NAV_Wq_bn_decay=0.1, NAV_Wq_drop=0.01, NAV_Wq_act='none', NAV_Wk_bn_decay=0.1, NAV_Wk_drop=0.01, NAV_Wk_act='none', NAV_Wv_bn_decay=0.1, NAV_Wv_drop=0.01, NAV_Wv_act='none', NAV_Mapping_bn_decay=0.1, NAV_Mapping_drop=0.01, NAV_Mapping_act='relu', NAV_Fusion_bn_decay=0.1, NAV_Fusion_drop=0.01, NAV_Fusion_act='relu', STB_SpatialFusion_bn_decay=0.1, STB_SpatialFusion_drop=0.01, STB_SpatialFusion_act='relu', STB_TemporalFusion_bn_decay=0.1, STB_TemporalFusion_drop=0.01, STB_TemporalFusion_act='relu', STB_FinalFusion_bn_decay=0.1, STB_FinalFusion_drop=0.01, STB_FinalFusion_act='relu', STB_Gate_bn_decay=0.1, STB_Gate_drop=0.01, STB_Gate_act1='relu', STB_Gate_act2='sigmoid', TA_FCq_bn_decay=0.1, TA_FCq_drop=0.01, TA_FCq_act='relu', TA_FCk_bn_decay=0.1, TA_FCk_drop=0.01, TA_FCk_act='relu', TA_FCv_bn_decay=0.1, TA_FCv_drop=0.01, TA_FCv_act='relu', TA_FC_bn_decay=0.1, TA_FC_drop=0.01, TA_FC_act='relu', Traffic_Linear_bn_decay=0.1, Traffic_Linear_drop=0.01, Traffic_Linear_act1='relu', Traffic_Linear_act2='none', Query_Linear_bn_decay=0.1, Query_Linear_drop=0.01, Query_Linear_act1='relu', Query_Linear_act2='none', Output_bn_decay=0.1, Output_drop=0.01, Output_act1='relu', Output_act2='none', GDC_bn_decay=0.1, TSP_bn_decay=0.1
Using device: cuda:0
trainX: torch.Size([4084, 8, 223])		 trainY: torch.Size([4084, 8, 223])
valX:   torch.Size([571, 8, 223])		valY:   torch.Size([571, 8, 223])
testX:   torch.Size([1156, 8, 223])		testY:   torch.Size([1156, 8, 223])
mean:   31.8979		std:   10.7164
data loaded!
compiling model...
trainable parameters: 655,648
**** training model ****
2025-08-28 03:53:55 | epoch: 0001/100, training time: 72.0s, inference time: 2.1s
train loss: 2.7805, val_loss: 2.1695
val loss decrease from inf to 2.1695, saving model to ./save_model/grid_24_33/Model_GF_test.pkl
2025-08-28 03:55:02 | epoch: 0002/100, training time: 65.8s, inference time: 2.1s
train loss: 2.4988, val_loss: 2.2249
2025-08-28 03:56:10 | epoch: 0003/100, training time: 65.5s, inference time: 2.1s
train loss: 2.4223, val_loss: 2.1389
val loss decrease from 2.1695 to 2.1389, saving model to ./save_model/grid_24_33/Model_GF_test.pkl
2025-08-28 03:57:18 | epoch: 0004/100, training time: 65.7s, inference time: 2.1s
train loss: 2.3874, val_loss: 2.1104
val loss decrease from 2.1389 to 2.1104, saving model to ./save_model/grid_24_33/Model_GF_test.pkl
2025-08-28 03:58:26 | epoch: 0005/100, training time: 65.8s, inference time: 2.1s
train loss: 2.3788, val_loss: 2.1050
val loss decrease from 2.1104 to 2.1050, saving model to ./save_model/grid_24_33/Model_GF_test.pkl
2025-08-28 03:59:34 | epoch: 0006/100, training time: 65.9s, inference time: 2.1s
train loss: 2.3539, val_loss: 2.0531
val loss decrease from 2.1050 to 2.0531, saving model to ./save_model/grid_24_33/Model_GF_test.pkl
2025-08-28 04:00:42 | epoch: 0007/100, training time: 66.0s, inference time: 2.1s
train loss: 2.3501, val_loss: 2.0449
val loss decrease from 2.0531 to 2.0449, saving model to ./save_model/grid_24_33/Model_GF_test.pkl
2025-08-28 04:01:50 | epoch: 0008/100, training time: 65.9s, inference time: 2.1s
train loss: 2.3471, val_loss: 2.0802
2025-08-28 04:02:58 | epoch: 0009/100, training time: 66.2s, inference time: 2.1s
train loss: 2.4259, val_loss: 2.5394
2025-08-28 04:04:06 | epoch: 0010/100, training time: 65.9s, inference time: 2.1s
train loss: 2.4442, val_loss: 2.1232
2025-08-28 04:05:14 | epoch: 0011/100, training time: 66.1s, inference time: 2.1s
train loss: 2.3480, val_loss: 2.0913
2025-08-28 04:06:23 | epoch: 0012/100, training time: 66.1s, inference time: 2.1s
train loss: 2.3377, val_loss: 2.0321
val loss decrease from 2.0449 to 2.0321, saving model to ./save_model/grid_24_33/Model_GF_test.pkl
2025-08-28 04:07:31 | epoch: 0013/100, training time: 66.1s, inference time: 2.1s
train loss: 2.2789, val_loss: 2.0692
2025-08-28 04:08:40 | epoch: 0014/100, training time: 67.6s, inference time: 2.1s
train loss: 2.2703, val_loss: 2.0245
val loss decrease from 2.0321 to 2.0245, saving model to ./save_model/grid_24_33/Model_GF_test.pkl
2025-08-28 04:09:48 | epoch: 0015/100, training time: 65.9s, inference time: 2.1s
train loss: 2.2971, val_loss: 2.0569
2025-08-28 04:10:57 | epoch: 0016/100, training time: 66.4s, inference time: 2.1s
train loss: 2.2766, val_loss: 2.0448
2025-08-28 04:12:05 | epoch: 0017/100, training time: 66.0s, inference time: 2.1s
train loss: 2.2657, val_loss: 2.0521
2025-08-28 04:13:14 | epoch: 0018/100, training time: 66.6s, inference time: 2.1s
train loss: 2.2440, val_loss: 2.0242
val loss decrease from 2.0245 to 2.0242, saving model to ./save_model/grid_24_33/Model_GF_test.pkl
2025-08-28 04:14:27 | epoch: 0019/100, training time: 71.2s, inference time: 2.1s
train loss: 2.2616, val_loss: 2.1251
2025-08-28 04:15:35 | epoch: 0020/100, training time: 65.7s, inference time: 2.1s
train loss: 2.2469, val_loss: 2.0950
2025-08-28 04:16:46 | epoch: 0021/100, training time: 69.3s, inference time: 2.1s
train loss: 2.2309, val_loss: 2.0482
2025-08-28 04:17:58 | epoch: 0022/100, training time: 69.9s, inference time: 2.1s
train loss: 2.2336, val_loss: 2.0638
2025-08-28 04:19:07 | epoch: 0023/100, training time: 66.4s, inference time: 2.1s
train loss: 2.2422, val_loss: 2.0339
2025-08-28 04:20:15 | epoch: 0024/100, training time: 66.5s, inference time: 2.1s
train loss: 2.2396, val_loss: 2.0621
2025-08-28 04:21:24 | epoch: 0025/100, training time: 66.4s, inference time: 2.1s
train loss: 2.2297, val_loss: 2.0811
2025-08-28 04:22:39 | epoch: 0026/100, training time: 73.2s, inference time: 2.2s
train loss: 2.2156, val_loss: 2.0247
early stop at epoch: 0026
Training completed. Best model saved to ./save_model/grid_24_33/Model_GF_test.pkl
**** testing model ****
loading model from ./save_model/grid_24_33/Model_GF_test.pkl
model loaded!
evaluating...
train MAE: 1.8179, RMSE: 2.8212, MAPE: 6.17%
performance in each prediction step (train)
step 1: MAE=1.5236, RMSE=2.3018, MAPE=5.16%
step 2: MAE=1.8300, RMSE=2.8252, MAPE=6.19%
step 3: MAE=1.8571, RMSE=2.8828, MAPE=6.30%
step 4: MAE=1.8521, RMSE=2.8831, MAPE=6.29%
step 5: MAE=1.8547, RMSE=2.8927, MAPE=6.30%
step 6: MAE=1.8612, RMSE=2.9068, MAPE=6.33%
step 7: MAE=1.8710, RMSE=2.9239, MAPE=6.37%
step 8: MAE=1.8937, RMSE=2.9536, MAPE=6.46%
average: MAE=1.8179, RMSE=2.8212, MAPE=6.17%
val MAE: 2.0254, RMSE: 3.1357, MAPE: 6.93%
performance in each prediction step (val)
step 1: MAE=1.6381, RMSE=2.4478, MAPE=5.58%
step 2: MAE=2.0093, RMSE=3.0944, MAPE=6.87%
step 3: MAE=2.0653, RMSE=3.2086, MAPE=7.09%
step 4: MAE=2.0792, RMSE=3.2356, MAPE=7.13%
step 5: MAE=2.0906, RMSE=3.2560, MAPE=7.17%
step 6: MAE=2.0986, RMSE=3.2737, MAPE=7.19%
step 7: MAE=2.1043, RMSE=3.2801, MAPE=7.20%
step 8: MAE=2.1181, RMSE=3.2896, MAPE=7.24%
average: MAE=2.0254, RMSE=3.1357, MAPE=6.93%
test MAE: 2.0597, RMSE: 3.1849, MAPE: 7.02%
performance in each prediction step (test)
step 1: MAE=1.6396, RMSE=2.4311, MAPE=5.56%
step 2: MAE=2.0280, RMSE=3.1107, MAPE=6.90%
step 3: MAE=2.0950, RMSE=3.2543, MAPE=7.14%
step 4: MAE=2.1177, RMSE=3.3003, MAPE=7.22%
step 5: MAE=2.1330, RMSE=3.3257, MAPE=7.27%
step 6: MAE=2.1434, RMSE=3.3431, MAPE=7.31%
step 7: MAE=2.1531, RMSE=3.3512, MAPE=7.34%
step 8: MAE=2.1680, RMSE=3.3628, MAPE=7.39%
average: MAE=2.0597, RMSE=3.1849, MAPE=7.02%
total testing time: 21.7s
total time: 30.6min
