time_slot=15, torch_seed=46, num_link=223, num_his=8, num_pred=8, L=5, K=8, d=8, train_ratio=0.7, val_ratio=0.1, test_ratio=0.2, batch_size=8, max_epoch=100, patience=8, learning_rate=0.003, decay_epoch=20, traffic_file='./data/Traffic_speed_(24, 33).csv', query_file='./data/query_beijing_0201_grid_start_destination_count.npz', SE_file='./data/Gf_grid_24_33_id.txt', adj_file='./data/edge_list_grid_(24,33)_weight.txt', row=24, col=33, model_file='./save_model/grid_24_33/Model_GF_test.pkl', log_file='./log/grid_24_33/log_test', STE_SE_FC_bn_decay=0.1, STE_SE_FC_drop=0.07, STE_SE_FC_act1='relu', STE_SE_FC_act2='none', STE_TE_FC_bn_decay=0.1, STE_TE_FC_drop=0.01, STE_TE_FC_act1='relu', STE_TE_FC_act2='none', FFT_FC_bn_decay=0.05, FFT_FC_drop=0.01, FFT_FC_act1='relu', FFT_FC_act2='none', KNA_W_bn_decay=0.1, KNA_W_drop=0.01, KNA_W_act1='relu', KNA_W_act2='none', KNA_Wq_bn_decay=0.1, KNA_Wq_drop=0.01, KNA_Wq_act='none', KNA_Wk_bn_decay=0.1, KNA_Wk_drop=0.01, KNA_Wk_act='none', KNA_Wv_bn_decay=0.1, KNA_Wv_drop=0.01, KNA_Wv_act='none', KNA_Fusion_bn_decay=0.1, KNA_Fusion_drop=0.01, KNA_Fusion_act='relu', SA_FCq_bn_decay=0.1, SA_FCq_drop=0.01, SA_FCq_act='relu', SA_FCk_bn_decay=0.1, SA_FCk_drop=0.01, SA_FCk_act='relu', SA_FCv_bn_decay=0.1, SA_FCv_drop=0.01, SA_FCv_act='relu', SA_FC_bn_decay=0.1, SA_FC_drop=0.01, SA_FC_act='relu', TA_Wq_bn_decay=0.1, TA_Wq_drop=0.01, TA_Wq_act='none', TA_Wk_bn_decay=0.1, TA_Wk_drop=0.01, TA_Wk_act='none', TA_Wv_bn_decay=0.1, TA_Wv_drop=0.01, TA_Wv_act='none', TA_Fusion_bn_decay=0.1, TA_Fusion_drop=0.01, TA_Fusion_act='relu', NAV_Wq_bn_decay=0.1, NAV_Wq_drop=0.01, NAV_Wq_act='none', NAV_Wk_bn_decay=0.1, NAV_Wk_drop=0.01, NAV_Wk_act='none', NAV_Wv_bn_decay=0.1, NAV_Wv_drop=0.01, NAV_Wv_act='none', NAV_Mapping_bn_decay=0.1, NAV_Mapping_drop=0.01, NAV_Mapping_act='relu', NAV_Fusion_bn_decay=0.1, NAV_Fusion_drop=0.01, NAV_Fusion_act='relu', STB_SpatialFusion_bn_decay=0.1, STB_SpatialFusion_drop=0.01, STB_SpatialFusion_act='relu', STB_TemporalFusion_bn_decay=0.1, STB_TemporalFusion_drop=0.01, STB_TemporalFusion_act='relu', STB_FinalFusion_bn_decay=0.1, STB_FinalFusion_drop=0.01, STB_FinalFusion_act='relu', STB_Gate_bn_decay=0.1, STB_Gate_drop=0.01, STB_Gate_act1='relu', STB_Gate_act2='sigmoid', TA_FCq_bn_decay=0.1, TA_FCq_drop=0.01, TA_FCq_act='relu', TA_FCk_bn_decay=0.1, TA_FCk_drop=0.01, TA_FCk_act='relu', TA_FCv_bn_decay=0.1, TA_FCv_drop=0.01, TA_FCv_act='relu', TA_FC_bn_decay=0.1, TA_FC_drop=0.01, TA_FC_act='relu', Traffic_Linear_bn_decay=0.1, Traffic_Linear_drop=0.01, Traffic_Linear_act1='relu', Traffic_Linear_act2='none', Query_Linear_bn_decay=0.1, Query_Linear_drop=0.01, Query_Linear_act1='relu', Query_Linear_act2='none', Output_bn_decay=0.1, Output_drop=0.01, Output_act1='relu', Output_act2='none', GDC_bn_decay=0.1, TSP_bn_decay=0.1
Using device: cuda:0
trainX: torch.Size([4084, 8, 223])		 trainY: torch.Size([4084, 8, 223])
valX:   torch.Size([571, 8, 223])		valY:   torch.Size([571, 8, 223])
testX:   torch.Size([1156, 8, 223])		testY:   torch.Size([1156, 8, 223])
mean:   31.8979		std:   10.7164
data loaded!
compiling model...
trainable parameters: 1,522,078
**** training model ****
2025-08-27 04:14:09 | epoch: 0001/100, training time: 199.9s, inference time: 5.6s
train loss: 2.7884, val_loss: 2.2386
val loss decrease from inf to 2.2386, saving model to ./save_model/grid_24_33/Model_GF_test.pkl
2025-08-27 04:17:34 | epoch: 0002/100, training time: 199.2s, inference time: 5.5s
train loss: 2.5091, val_loss: 2.2142
val loss decrease from 2.2386 to 2.2142, saving model to ./save_model/grid_24_33/Model_GF_test.pkl
2025-08-27 04:20:58 | epoch: 0003/100, training time: 198.8s, inference time: 5.5s
train loss: 2.4253, val_loss: 2.1186
val loss decrease from 2.2142 to 2.1186, saving model to ./save_model/grid_24_33/Model_GF_test.pkl
2025-08-27 04:24:22 | epoch: 0004/100, training time: 198.3s, inference time: 5.5s
train loss: 2.3416, val_loss: 2.1032
val loss decrease from 2.1186 to 2.1032, saving model to ./save_model/grid_24_33/Model_GF_test.pkl
2025-08-27 04:27:46 | epoch: 0005/100, training time: 198.2s, inference time: 5.5s
train loss: 2.3704, val_loss: 2.0657
val loss decrease from 2.1032 to 2.0657, saving model to ./save_model/grid_24_33/Model_GF_test.pkl
2025-08-27 04:31:10 | epoch: 0006/100, training time: 198.1s, inference time: 5.5s
train loss: 2.3154, val_loss: 2.1099
2025-08-27 04:34:33 | epoch: 0007/100, training time: 198.2s, inference time: 5.5s
train loss: 2.3015, val_loss: 2.0501
val loss decrease from 2.0657 to 2.0501, saving model to ./save_model/grid_24_33/Model_GF_test.pkl
2025-08-27 04:37:57 | epoch: 0008/100, training time: 198.2s, inference time: 5.5s
train loss: 2.2972, val_loss: 2.1013
2025-08-27 04:41:21 | epoch: 0009/100, training time: 198.4s, inference time: 5.5s
train loss: 2.2893, val_loss: 2.0546
2025-08-27 04:44:45 | epoch: 0010/100, training time: 198.4s, inference time: 5.5s
train loss: 2.2993, val_loss: 2.0537
2025-08-27 04:48:09 | epoch: 0011/100, training time: 198.5s, inference time: 5.5s
train loss: 2.2655, val_loss: 2.0720
2025-08-27 04:51:33 | epoch: 0012/100, training time: 198.3s, inference time: 5.5s
train loss: 2.2363, val_loss: 2.0641
2025-08-27 04:54:57 | epoch: 0013/100, training time: 198.3s, inference time: 5.5s
train loss: 2.2164, val_loss: 2.0320
val loss decrease from 2.0501 to 2.0320, saving model to ./save_model/grid_24_33/Model_GF_test.pkl
2025-08-27 04:58:20 | epoch: 0014/100, training time: 198.2s, inference time: 5.5s
train loss: 2.2436, val_loss: 2.0493
2025-08-27 05:01:44 | epoch: 0015/100, training time: 198.0s, inference time: 5.5s
train loss: 2.1885, val_loss: 2.0635
2025-08-27 05:05:08 | epoch: 0016/100, training time: 198.3s, inference time: 5.5s
train loss: 2.2090, val_loss: 2.0879
2025-08-27 05:08:31 | epoch: 0017/100, training time: 198.2s, inference time: 5.5s
train loss: 2.1946, val_loss: 2.0352
2025-08-27 05:11:56 | epoch: 0018/100, training time: 198.6s, inference time: 5.6s
train loss: 2.1540, val_loss: 2.0720
2025-08-27 05:15:20 | epoch: 0019/100, training time: 198.9s, inference time: 5.5s
train loss: 2.1611, val_loss: 2.0603
2025-08-27 05:18:45 | epoch: 0020/100, training time: 199.4s, inference time: 5.6s
train loss: 2.1518, val_loss: 2.0734
2025-08-27 05:22:10 | epoch: 0021/100, training time: 199.2s, inference time: 5.5s
train loss: 2.1330, val_loss: 2.1154
early stop at epoch: 0021
Training completed. Best model saved to ./save_model/grid_24_33/Model_GF_test.pkl
**** testing model ****
loading model from ./save_model/grid_24_33/Model_GF_test.pkl
model loaded!
evaluating...
train MAE: 1.8412, RMSE: 2.8415, MAPE: 6.03%
performance in each prediction step (train)
step 1: MAE=1.5792, RMSE=2.3634, MAPE=5.20%
step 2: MAE=1.8424, RMSE=2.8392, MAPE=6.05%
step 3: MAE=1.8534, RMSE=2.8723, MAPE=6.09%
step 4: MAE=1.8515, RMSE=2.8749, MAPE=6.07%
step 5: MAE=1.8622, RMSE=2.8908, MAPE=6.10%
step 6: MAE=1.8800, RMSE=2.9158, MAPE=6.15%
step 7: MAE=1.9058, RMSE=2.9521, MAPE=6.22%
step 8: MAE=1.9549, RMSE=3.0233, MAPE=6.38%
average: MAE=1.8412, RMSE=2.8415, MAPE=6.03%
val MAE: 2.1155, RMSE: 3.2332, MAPE: 7.02%
performance in each prediction step (val)
step 1: MAE=1.7278, RMSE=2.5416, MAPE=5.72%
step 2: MAE=2.0801, RMSE=3.1621, MAPE=6.92%
step 3: MAE=2.1405, RMSE=3.2832, MAPE=7.13%
step 4: MAE=2.1639, RMSE=3.3326, MAPE=7.20%
step 5: MAE=2.1804, RMSE=3.3615, MAPE=7.25%
step 6: MAE=2.1980, RMSE=3.3854, MAPE=7.29%
step 7: MAE=2.2100, RMSE=3.3968, MAPE=7.32%
step 8: MAE=2.2231, RMSE=3.4025, MAPE=7.34%
average: MAE=2.1155, RMSE=3.2332, MAPE=7.02%
test MAE: 2.1959, RMSE: 3.3635, MAPE: 7.24%
performance in each prediction step (test)
step 1: MAE=1.7525, RMSE=2.5623, MAPE=5.79%
step 2: MAE=2.1479, RMSE=3.2675, MAPE=7.10%
step 3: MAE=2.2244, RMSE=3.4199, MAPE=7.35%
step 4: MAE=2.2535, RMSE=3.4749, MAPE=7.44%
step 5: MAE=2.2709, RMSE=3.5052, MAPE=7.49%
step 6: MAE=2.2894, RMSE=3.5355, MAPE=7.54%
step 7: MAE=2.3048, RMSE=3.5580, MAPE=7.58%
step 8: MAE=2.3240, RMSE=3.5849, MAPE=7.63%
average: MAE=2.1959, RMSE=3.3635, MAPE=7.24%
total testing time: 56.3s
total time: 72.6min
