time_slot=15, torch_seed=46, num_link=223, num_his=8, num_pred=8, L=2, K=8, d=8, train_ratio=0.7, val_ratio=0.1, test_ratio=0.2, batch_size=8, max_epoch=100, patience=8, learning_rate=0.005, decay_epoch=20, traffic_file='./data/Traffic_speed_(24, 33).csv', query_file='./data/query_beijing_0201_grid_start_destination_count.npz', SE_file='./data/Gf_grid_24_33_id.txt', adj_file='./data/edge_list_grid_(24,33)_weight.txt', row=24, col=33, model_file='./save_model/grid_24_33/Model_GF_test.pkl', log_file='./log/grid_24_33/log_test', STE_SE_FC_bn_decay=0.1, STE_SE_FC_drop=0.07, STE_SE_FC_act1='relu', STE_SE_FC_act2='none', STE_TE_FC_bn_decay=0.1, STE_TE_FC_drop=0.01, STE_TE_FC_act1='relu', STE_TE_FC_act2='none', FFT_FC_bn_decay=0.05, FFT_FC_drop=0.01, FFT_FC_act1='relu', FFT_FC_act2='none', KNA_W_bn_decay=0.1, KNA_W_drop=0.01, KNA_W_act1='relu', KNA_W_act2='none', KNA_Wq_bn_decay=0.1, KNA_Wq_drop=0.01, KNA_Wq_act='none', KNA_Wk_bn_decay=0.1, KNA_Wk_drop=0.01, KNA_Wk_act='none', KNA_Wv_bn_decay=0.1, KNA_Wv_drop=0.01, KNA_Wv_act='none', KNA_Fusion_bn_decay=0.1, KNA_Fusion_drop=0.01, KNA_Fusion_act='relu', SA_FCq_bn_decay=0.1, SA_FCq_drop=0.01, SA_FCq_act='relu', SA_FCk_bn_decay=0.1, SA_FCk_drop=0.01, SA_FCk_act='relu', SA_FCv_bn_decay=0.1, SA_FCv_drop=0.01, SA_FCv_act='relu', SA_FC_bn_decay=0.1, SA_FC_drop=0.01, SA_FC_act='relu', TA_Wq_bn_decay=0.1, TA_Wq_drop=0.01, TA_Wq_act='none', TA_Wk_bn_decay=0.1, TA_Wk_drop=0.01, TA_Wk_act='none', TA_Wv_bn_decay=0.1, TA_Wv_drop=0.01, TA_Wv_act='none', TA_Fusion_bn_decay=0.1, TA_Fusion_drop=0.01, TA_Fusion_act='relu', NAV_Wq_bn_decay=0.1, NAV_Wq_drop=0.01, NAV_Wq_act='none', NAV_Wk_bn_decay=0.1, NAV_Wk_drop=0.01, NAV_Wk_act='none', NAV_Wv_bn_decay=0.1, NAV_Wv_drop=0.01, NAV_Wv_act='none', NAV_Mapping_bn_decay=0.1, NAV_Mapping_drop=0.01, NAV_Mapping_act='relu', NAV_Fusion_bn_decay=0.1, NAV_Fusion_drop=0.01, NAV_Fusion_act='relu', STB_SpatialFusion_bn_decay=0.1, STB_SpatialFusion_drop=0.01, STB_SpatialFusion_act='relu', STB_TemporalFusion_bn_decay=0.1, STB_TemporalFusion_drop=0.01, STB_TemporalFusion_act='relu', STB_FinalFusion_bn_decay=0.1, STB_FinalFusion_drop=0.01, STB_FinalFusion_act='relu', STB_Gate_bn_decay=0.1, STB_Gate_drop=0.01, STB_Gate_act1='relu', STB_Gate_act2='sigmoid', TA_FCq_bn_decay=0.1, TA_FCq_drop=0.01, TA_FCq_act='relu', TA_FCk_bn_decay=0.1, TA_FCk_drop=0.01, TA_FCk_act='relu', TA_FCv_bn_decay=0.1, TA_FCv_drop=0.01, TA_FCv_act='relu', TA_FC_bn_decay=0.1, TA_FC_drop=0.01, TA_FC_act='relu', Traffic_Linear_bn_decay=0.1, Traffic_Linear_drop=0.01, Traffic_Linear_act1='relu', Traffic_Linear_act2='none', Query_Linear_bn_decay=0.1, Query_Linear_drop=0.01, Query_Linear_act1='relu', Query_Linear_act2='none', Output_bn_decay=0.1, Output_drop=0.01, Output_act1='relu', Output_act2='none', GDC_bn_decay=0.1, TSP_bn_decay=0.1
Using device: cuda:0
trainX: torch.Size([4084, 8, 223])		 trainY: torch.Size([4084, 8, 223])
valX:   torch.Size([571, 8, 223])		valY:   torch.Size([571, 8, 223])
testX:   torch.Size([1156, 8, 223])		testY:   torch.Size([1156, 8, 223])
mean:   31.8979		std:   10.7164
data loaded!
compiling model...
trainable parameters: 655,648
**** training model ****
2025-08-29 15:48:08 | epoch: 0001/100, training time: 71.4s, inference time: 2.1s
train loss: 2.7656, val_loss: 2.2019
val loss decrease from inf to 2.2019, saving model to ./save_model/grid_24_33/Model_GF_test.pkl
2025-08-29 15:49:20 | epoch: 0002/100, training time: 69.9s, inference time: 2.1s
train loss: 2.5132, val_loss: 2.1945
val loss decrease from 2.2019 to 2.1945, saving model to ./save_model/grid_24_33/Model_GF_test.pkl
2025-08-29 15:50:32 | epoch: 0003/100, training time: 69.8s, inference time: 2.1s
train loss: 2.4339, val_loss: 2.1448
val loss decrease from 2.1945 to 2.1448, saving model to ./save_model/grid_24_33/Model_GF_test.pkl
2025-08-29 15:51:44 | epoch: 0004/100, training time: 70.7s, inference time: 2.1s
train loss: 2.3979, val_loss: 2.1122
val loss decrease from 2.1448 to 2.1122, saving model to ./save_model/grid_24_33/Model_GF_test.pkl
2025-08-29 15:52:57 | epoch: 0005/100, training time: 70.8s, inference time: 2.1s
train loss: 2.3897, val_loss: 2.1325
2025-08-29 15:54:10 | epoch: 0006/100, training time: 70.8s, inference time: 2.1s
train loss: 2.3642, val_loss: 2.0498
val loss decrease from 2.1122 to 2.0498, saving model to ./save_model/grid_24_33/Model_GF_test.pkl
2025-08-29 15:55:23 | epoch: 0007/100, training time: 70.3s, inference time: 2.1s
train loss: 2.3625, val_loss: 2.0523
2025-08-29 15:56:34 | epoch: 0008/100, training time: 69.5s, inference time: 2.1s
train loss: 2.3565, val_loss: 2.0905
2025-08-29 15:57:41 | epoch: 0009/100, training time: 65.0s, inference time: 2.1s
train loss: 2.3390, val_loss: 2.0741
2025-08-29 15:58:48 | epoch: 0010/100, training time: 64.6s, inference time: 2.1s
train loss: 2.3355, val_loss: 2.0870
2025-08-29 15:59:55 | epoch: 0011/100, training time: 64.9s, inference time: 2.1s
train loss: 2.3126, val_loss: 2.0790
2025-08-29 16:01:10 | epoch: 0012/100, training time: 72.4s, inference time: 2.1s
train loss: 2.3196, val_loss: 2.0407
val loss decrease from 2.0498 to 2.0407, saving model to ./save_model/grid_24_33/Model_GF_test.pkl
2025-08-29 16:02:16 | epoch: 0013/100, training time: 64.8s, inference time: 2.1s
train loss: 2.2653, val_loss: 2.0747
2025-08-29 16:03:23 | epoch: 0014/100, training time: 64.7s, inference time: 2.1s
train loss: 2.2616, val_loss: 2.0522
2025-08-29 16:04:30 | epoch: 0015/100, training time: 64.6s, inference time: 2.1s
train loss: 2.2908, val_loss: 2.0426
2025-08-29 16:05:37 | epoch: 0016/100, training time: 64.7s, inference time: 2.1s
train loss: 2.2707, val_loss: 2.0469
2025-08-29 16:06:44 | epoch: 0017/100, training time: 64.7s, inference time: 2.1s
train loss: 2.2602, val_loss: 2.0525
2025-08-29 16:07:51 | epoch: 0018/100, training time: 65.2s, inference time: 2.1s
train loss: 2.2421, val_loss: 2.0278
val loss decrease from 2.0407 to 2.0278, saving model to ./save_model/grid_24_33/Model_GF_test.pkl
2025-08-29 16:08:58 | epoch: 0019/100, training time: 65.0s, inference time: 2.1s
train loss: 2.2583, val_loss: 2.1058
2025-08-29 16:10:07 | epoch: 0020/100, training time: 66.5s, inference time: 2.1s
train loss: 2.2438, val_loss: 2.0880
2025-08-29 16:11:14 | epoch: 0021/100, training time: 65.2s, inference time: 2.4s
train loss: 2.2223, val_loss: 2.0582
2025-08-29 16:12:28 | epoch: 0022/100, training time: 71.3s, inference time: 2.4s
train loss: 2.2247, val_loss: 2.0525
2025-08-29 16:13:42 | epoch: 0023/100, training time: 71.5s, inference time: 2.4s
train loss: 2.2329, val_loss: 2.0387
2025-08-29 16:14:56 | epoch: 0024/100, training time: 71.5s, inference time: 2.5s
train loss: 2.2295, val_loss: 2.0489
2025-08-29 16:16:10 | epoch: 0025/100, training time: 72.0s, inference time: 2.4s
train loss: 2.2206, val_loss: 2.0914
2025-08-29 16:17:30 | epoch: 0026/100, training time: 77.5s, inference time: 2.1s
train loss: 2.2166, val_loss: 2.0409
early stop at epoch: 0026
Training completed. Best model saved to ./save_model/grid_24_33/Model_GF_test.pkl
**** testing model ****
loading model from ./save_model/grid_24_33/Model_GF_test.pkl
model loaded!
evaluating...
train MAE: 1.8439, RMSE: 2.8699, MAPE: 6.30%
performance in each prediction step (train)
step 1: MAE=1.5525, RMSE=2.3453, MAPE=5.25%
step 2: MAE=1.8425, RMSE=2.8392, MAPE=6.26%
step 3: MAE=1.8724, RMSE=2.9094, MAPE=6.39%
step 4: MAE=1.8740, RMSE=2.9239, MAPE=6.41%
step 5: MAE=1.8815, RMSE=2.9443, MAPE=6.45%
step 6: MAE=1.8939, RMSE=2.9717, MAPE=6.50%
step 7: MAE=1.9069, RMSE=2.9981, MAPE=6.55%
step 8: MAE=1.9274, RMSE=3.0271, MAPE=6.63%
average: MAE=1.8439, RMSE=2.8699, MAPE=6.30%
val MAE: 2.0428, RMSE: 3.1715, MAPE: 7.01%
performance in each prediction step (val)
step 1: MAE=1.6828, RMSE=2.5090, MAPE=5.69%
step 2: MAE=2.0213, RMSE=3.0895, MAPE=6.90%
step 3: MAE=2.0750, RMSE=3.2083, MAPE=7.12%
step 4: MAE=2.0886, RMSE=3.2543, MAPE=7.18%
step 5: MAE=2.1031, RMSE=3.2936, MAPE=7.24%
step 6: MAE=2.1146, RMSE=3.3232, MAPE=7.29%
step 7: MAE=2.1211, RMSE=3.3373, MAPE=7.31%
step 8: MAE=2.1358, RMSE=3.3567, MAPE=7.36%
average: MAE=2.0428, RMSE=3.1715, MAPE=7.01%
test MAE: 2.0781, RMSE: 3.1997, MAPE: 7.10%
performance in each prediction step (test)
step 1: MAE=1.6862, RMSE=2.4864, MAPE=5.71%
step 2: MAE=2.0436, RMSE=3.1256, MAPE=6.96%
step 3: MAE=2.1073, RMSE=3.2591, MAPE=7.20%
step 4: MAE=2.1302, RMSE=3.3028, MAPE=7.28%
step 5: MAE=2.1479, RMSE=3.3344, MAPE=7.35%
step 6: MAE=2.1606, RMSE=3.3526, MAPE=7.40%
step 7: MAE=2.1681, RMSE=3.3594, MAPE=7.43%
step 8: MAE=2.1812, RMSE=3.3774, MAPE=7.49%
average: MAE=2.0781, RMSE=3.1997, MAPE=7.10%
total testing time: 21.5s
total time: 31.2min
