time_slot=15, torch_seed=46, num_link=223, num_his=8, num_pred=8, L=2, K=8, d=8, train_ratio=0.7, val_ratio=0.1, test_ratio=0.2, batch_size=8, max_epoch=11, patience=8, learning_rate=0.003, decay_epoch=10, traffic_file='./data/Traffic_speed_(24, 33).csv', query_file='./data/query_beijing_0201_grid_start_destination_count.npz', SE_file='./data/Gf_grid_24_33_id.txt', adj_file='./data/edge_list_grid_(24,33)_weight.txt', row=24, col=33, model_file='./save_model/grid_24_33/Model_GF_test_20251010_065058.pth', log_file='./log/grid_24_33/log_test', STE_SE_FC_bn_decay=0.1, STE_SE_FC_drop=0.01, STE_SE_FC_act1='relu', STE_SE_FC_act2='none', STE_TE_FC_bn_decay=0.1, STE_TE_FC_drop=0.01, STE_TE_FC_act1='relu', STE_TE_FC_act2='none', FFT_FC_bn_decay=0.1, FFT_FC_drop=0.01, FFT_FC_act1='relu', FFT_FC_act2='none', KNA_W_bn_decay=0.1, KNA_W_drop=0.01, KNA_W_act1='relu', KNA_W_act2='none', KNA_Wq_bn_decay=0.1, KNA_Wq_drop=0.01, KNA_Wq_act='none', KNA_Wk_bn_decay=0.1, KNA_Wk_drop=0.01, KNA_Wk_act='none', KNA_Wv_bn_decay=0.1, KNA_Wv_drop=0.01, KNA_Wv_act='none', KNA_Fusion_bn_decay=0.1, KNA_Fusion_drop=0.01, KNA_Fusion_act='relu', SA_FCq_bn_decay=0.1, SA_FCq_drop=0.01, SA_FCq_act='relu', SA_FCk_bn_decay=0.1, SA_FCk_drop=0.01, SA_FCk_act='relu', SA_FCv_bn_decay=0.1, SA_FCv_drop=0.01, SA_FCv_act='relu', SA_FC_bn_decay=0.1, SA_FC_drop=0.01, SA_FC_act='relu', TA_Wq_bn_decay=0.1, TA_Wq_drop=0.01, TA_Wq_act='none', TA_Wk_bn_decay=0.1, TA_Wk_drop=0.01, TA_Wk_act='none', TA_Wv_bn_decay=0.1, TA_Wv_drop=0.01, TA_Wv_act='none', TA_Fusion_bn_decay=0.1, TA_Fusion_drop=0.01, TA_Fusion_act='relu', NAV_Wq_bn_decay=0.1, NAV_Wq_drop=0.01, NAV_Wq_act='none', NAV_Wk_bn_decay=0.1, NAV_Wk_drop=0.01, NAV_Wk_act='none', NAV_Wv_bn_decay=0.1, NAV_Wv_drop=0.01, NAV_Wv_act='none', NAV_Mapping_bn_decay=0.1, NAV_Mapping_drop=0.01, NAV_Mapping_act='relu', NAV_Fusion_bn_decay=0.1, NAV_Fusion_drop=0.01, NAV_Fusion_act='relu', STB_SpatialFusion_bn_decay=0.1, STB_SpatialFusion_drop=0.01, STB_SpatialFusion_act='relu', STB_TemporalFusion_bn_decay=0.1, STB_TemporalFusion_drop=0.01, STB_TemporalFusion_act='relu', STB_FinalFusion_bn_decay=0.1, STB_FinalFusion_drop=0.01, STB_FinalFusion_act='relu', STB_Gate_bn_decay=0.1, STB_Gate_drop=0.1, STB_Gate_act1='relu', STB_Gate_act2='sigmoid', TA_FCq_bn_decay=0.1, TA_FCq_drop=0.01, TA_FCq_act='relu', TA_FCk_bn_decay=0.1, TA_FCk_drop=0.01, TA_FCk_act='relu', TA_FCv_bn_decay=0.1, TA_FCv_drop=0.01, TA_FCv_act='relu', TA_FC_bn_decay=0.1, TA_FC_drop=0.01, TA_FC_act='relu', Traffic_Linear_bn_decay=0.1, Traffic_Linear_drop=0.01, Traffic_Linear_act1='relu', Traffic_Linear_act2='none', Query_Linear_bn_decay=0.1, Query_Linear_drop=0.01, Query_Linear_act1='relu', Query_Linear_act2='none', Output_bn_decay=0.1, Output_drop=0.01, Output_act1='relu', Output_act2='none', GDC_bn_decay=0.1, TSP_bn_decay=0.1
Using device: cuda:0
trainX: torch.Size([4084, 8, 223])		 trainY: torch.Size([4084, 8, 223])
valX:   torch.Size([571, 8, 223])		valY:   torch.Size([571, 8, 223])
testX:   torch.Size([1156, 8, 223])		testY:   torch.Size([1156, 8, 223])
mean:   31.8979		std:   10.7164
data loaded!
compiling model...
trainable parameters: 639,264
**** training model ****
2025-10-10 06:52:25 | epoch: 0001/11, training time: 67.8s, inference time: 2.1s
train loss: 2.8201, val_loss: 2.2202
val loss decrease from inf to 2.2202, saving model to ./save_model/grid_24_33/Model_GF_test_20251010_065058.pth
2025-10-10 06:53:32 | epoch: 0002/11, training time: 65.3s, inference time: 2.2s
train loss: 2.5259, val_loss: 2.2097
val loss decrease from 2.2202 to 2.2097, saving model to ./save_model/grid_24_33/Model_GF_test_20251010_065058.pth
2025-10-10 06:54:41 | epoch: 0003/11, training time: 66.4s, inference time: 2.1s
train loss: 2.4579, val_loss: 2.1294
val loss decrease from 2.2097 to 2.1294, saving model to ./save_model/grid_24_33/Model_GF_test_20251010_065058.pth
2025-10-10 06:55:48 | epoch: 0004/11, training time: 64.9s, inference time: 2.1s
train loss: 2.4286, val_loss: 2.2152
2025-10-10 06:56:53 | epoch: 0005/11, training time: 63.2s, inference time: 2.1s
train loss: 2.4046, val_loss: 2.1501
2025-10-10 06:57:58 | epoch: 0006/11, training time: 62.9s, inference time: 2.0s
train loss: 2.3979, val_loss: 2.1525
2025-10-10 06:59:04 | epoch: 0007/11, training time: 63.8s, inference time: 2.1s
train loss: 2.3737, val_loss: 2.1056
val loss decrease from 2.1294 to 2.1056, saving model to ./save_model/grid_24_33/Model_GF_test_20251010_065058.pth
2025-10-10 07:00:13 | epoch: 0008/11, training time: 66.4s, inference time: 2.2s
train loss: 2.3704, val_loss: 2.1285
2025-10-10 07:01:20 | epoch: 0009/11, training time: 65.5s, inference time: 2.2s
train loss: 2.3509, val_loss: 2.1224
2025-10-10 07:02:26 | epoch: 0010/11, training time: 64.1s, inference time: 2.1s
train loss: 2.3339, val_loss: 2.1224
2025-10-10 07:03:35 | epoch: 0011/11, training time: 66.6s, inference time: 2.1s
train loss: 2.3267, val_loss: 2.0671
val loss decrease from 2.1056 to 2.0671, saving model to ./save_model/grid_24_33/Model_GF_test_20251010_065058.pth
Training completed. Best model saved to ./save_model/grid_24_33/Model_GF_test_20251010_065058.pth
**** testing model ****
loading model from ./save_model/grid_24_33/Model_GF_test_20251010_065058.pth
model loaded!
evaluating...
train MAE: 1.9374, RMSE: 2.9890, MAPE: 6.63%
performance in each prediction step (train)
step 1: MAE=1.8200, RMSE=2.7848, MAPE=6.18%
step 2: MAE=1.9196, RMSE=2.9527, MAPE=6.53%
step 3: MAE=1.9430, RMSE=2.9974, MAPE=6.63%
step 4: MAE=1.9458, RMSE=3.0042, MAPE=6.66%
step 5: MAE=1.9505, RMSE=3.0120, MAPE=6.69%
step 6: MAE=1.9585, RMSE=3.0262, MAPE=6.73%
step 7: MAE=1.9713, RMSE=3.0499, MAPE=6.78%
step 8: MAE=1.9906, RMSE=3.0849, MAPE=6.86%
average: MAE=1.9374, RMSE=2.9890, MAPE=6.63%
val MAE: 2.0664, RMSE: 3.1561, MAPE: 7.04%
performance in each prediction step (val)
step 1: MAE=1.9375, RMSE=2.9183, MAPE=6.58%
step 2: MAE=2.0452, RMSE=3.0944, MAPE=6.95%
step 3: MAE=2.0753, RMSE=3.1536, MAPE=7.07%
step 4: MAE=2.0843, RMSE=3.1862, MAPE=7.11%
step 5: MAE=2.0910, RMSE=3.2108, MAPE=7.13%
step 6: MAE=2.0965, RMSE=3.2256, MAPE=7.16%
step 7: MAE=2.0997, RMSE=3.2295, MAPE=7.17%
step 8: MAE=2.1016, RMSE=3.2305, MAPE=7.18%
average: MAE=2.0664, RMSE=3.1561, MAPE=7.04%
test MAE: 2.1148, RMSE: 3.2420, MAPE: 7.21%
performance in each prediction step (test)
step 1: MAE=1.9739, RMSE=2.9923, MAPE=6.71%
step 2: MAE=2.0856, RMSE=3.1751, MAPE=7.09%
step 3: MAE=2.1183, RMSE=3.2391, MAPE=7.21%
step 4: MAE=2.1308, RMSE=3.2688, MAPE=7.26%
step 5: MAE=2.1399, RMSE=3.2898, MAPE=7.30%
step 6: MAE=2.1485, RMSE=3.3079, MAPE=7.34%
step 7: MAE=2.1567, RMSE=3.3243, MAPE=7.37%
step 8: MAE=2.1650, RMSE=3.3388, MAPE=7.41%
average: MAE=2.1148, RMSE=3.2420, MAPE=7.21%
total testing time: 20.7s
total time: 13.0min
