time_slot=15, torch_seed=46, num_link=223, num_his=8, num_pred=8, L=2, K=8, d=8, train_ratio=0.7, val_ratio=0.1, test_ratio=0.2, batch_size=8, max_epoch=11, patience=8, learning_rate=0.003, decay_epoch=10, traffic_file='./data/Traffic_speed_(24, 33).csv', query_file='./data/query_beijing_0201_grid_start_destination_count.npz', SE_file='./data/Gf_grid_24_33_id.txt', adj_file='./data/edge_list_grid_(24,33)_weight.txt', row=24, col=33, model_file='./save_model/grid_24_33/Model_GF_test_20251010_062105.pth', log_file='./log/grid_24_33/log_test', STE_SE_FC_bn_decay=0.1, STE_SE_FC_drop=0.01, STE_SE_FC_act1='relu', STE_SE_FC_act2='none', STE_TE_FC_bn_decay=0.1, STE_TE_FC_drop=0.01, STE_TE_FC_act1='relu', STE_TE_FC_act2='none', FFT_FC_bn_decay=0.1, FFT_FC_drop=0.01, FFT_FC_act1='relu', FFT_FC_act2='none', KNA_W_bn_decay=0.1, KNA_W_drop=0.01, KNA_W_act1='relu', KNA_W_act2='none', KNA_Wq_bn_decay=0.1, KNA_Wq_drop=0.01, KNA_Wq_act='none', KNA_Wk_bn_decay=0.1, KNA_Wk_drop=0.01, KNA_Wk_act='none', KNA_Wv_bn_decay=0.1, KNA_Wv_drop=0.01, KNA_Wv_act='none', KNA_Fusion_bn_decay=0.1, KNA_Fusion_drop=0.01, KNA_Fusion_act='relu', SA_FCq_bn_decay=0.1, SA_FCq_drop=0.01, SA_FCq_act='relu', SA_FCk_bn_decay=0.1, SA_FCk_drop=0.01, SA_FCk_act='relu', SA_FCv_bn_decay=0.1, SA_FCv_drop=0.01, SA_FCv_act='relu', SA_FC_bn_decay=0.1, SA_FC_drop=0.01, SA_FC_act='relu', TA_Wq_bn_decay=0.1, TA_Wq_drop=0.01, TA_Wq_act='none', TA_Wk_bn_decay=0.1, TA_Wk_drop=0.01, TA_Wk_act='none', TA_Wv_bn_decay=0.1, TA_Wv_drop=0.01, TA_Wv_act='none', TA_Fusion_bn_decay=0.1, TA_Fusion_drop=0.01, TA_Fusion_act='relu', NAV_Wq_bn_decay=0.1, NAV_Wq_drop=0.01, NAV_Wq_act='none', NAV_Wk_bn_decay=0.1, NAV_Wk_drop=0.01, NAV_Wk_act='none', NAV_Wv_bn_decay=0.1, NAV_Wv_drop=0.01, NAV_Wv_act='none', NAV_Mapping_bn_decay=0.1, NAV_Mapping_drop=0.01, NAV_Mapping_act='relu', NAV_Fusion_bn_decay=0.1, NAV_Fusion_drop=0.01, NAV_Fusion_act='relu', STB_SpatialFusion_bn_decay=0.1, STB_SpatialFusion_drop=0.01, STB_SpatialFusion_act='relu', STB_TemporalFusion_bn_decay=0.1, STB_TemporalFusion_drop=0.01, STB_TemporalFusion_act='relu', STB_FinalFusion_bn_decay=0.1, STB_FinalFusion_drop=0.01, STB_FinalFusion_act='relu', STB_Gate_bn_decay=0.1, STB_Gate_drop=0.1, STB_Gate_act1='relu', STB_Gate_act2='sigmoid', TA_FCq_bn_decay=0.1, TA_FCq_drop=0.01, TA_FCq_act='relu', TA_FCk_bn_decay=0.1, TA_FCk_drop=0.01, TA_FCk_act='relu', TA_FCv_bn_decay=0.1, TA_FCv_drop=0.01, TA_FCv_act='relu', TA_FC_bn_decay=0.1, TA_FC_drop=0.01, TA_FC_act='relu', Traffic_Linear_bn_decay=0.1, Traffic_Linear_drop=0.01, Traffic_Linear_act1='relu', Traffic_Linear_act2='none', Query_Linear_bn_decay=0.1, Query_Linear_drop=0.01, Query_Linear_act1='relu', Query_Linear_act2='none', Output_bn_decay=0.1, Output_drop=0.01, Output_act1='relu', Output_act2='none', GDC_bn_decay=0.1, TSP_bn_decay=0.1
Using device: cuda:0
trainX: torch.Size([4084, 8, 223])		 trainY: torch.Size([4084, 8, 223])
valX:   torch.Size([571, 8, 223])		valY:   torch.Size([571, 8, 223])
testX:   torch.Size([1156, 8, 223])		testY:   torch.Size([1156, 8, 223])
mean:   31.8979		std:   10.7164
data loaded!
compiling model...
trainable parameters: 639,264
**** training model ****
2025-10-10 06:22:25 | epoch: 0001/11, training time: 62.6s, inference time: 1.8s
train loss: 2.8133, val_loss: 2.2898
val loss decrease from inf to 2.2898, saving model to ./save_model/grid_24_33/Model_GF_test_20251010_062105.pth
2025-10-10 06:23:24 | epoch: 0002/11, training time: 57.3s, inference time: 1.8s
train loss: 2.4971, val_loss: 2.1493
val loss decrease from 2.2898 to 2.1493, saving model to ./save_model/grid_24_33/Model_GF_test_20251010_062105.pth
2025-10-10 06:24:30 | epoch: 0003/11, training time: 64.1s, inference time: 1.8s
train loss: 2.4237, val_loss: 2.0683
val loss decrease from 2.1493 to 2.0683, saving model to ./save_model/grid_24_33/Model_GF_test_20251010_062105.pth
2025-10-10 06:25:35 | epoch: 0004/11, training time: 62.7s, inference time: 1.8s
train loss: 2.3960, val_loss: 2.1437
2025-10-10 06:26:38 | epoch: 0005/11, training time: 61.2s, inference time: 1.9s
train loss: 2.3678, val_loss: 2.1006
2025-10-10 06:27:45 | epoch: 0006/11, training time: 65.4s, inference time: 1.9s
train loss: 2.3635, val_loss: 2.1087
2025-10-10 06:28:50 | epoch: 0007/11, training time: 62.8s, inference time: 1.9s
train loss: 2.3342, val_loss: 2.0486
val loss decrease from 2.0683 to 2.0486, saving model to ./save_model/grid_24_33/Model_GF_test_20251010_062105.pth
2025-10-10 06:29:55 | epoch: 0008/11, training time: 62.7s, inference time: 1.9s
train loss: 2.3357, val_loss: 2.0816
2025-10-10 06:31:04 | epoch: 0009/11, training time: 67.0s, inference time: 1.9s
train loss: 2.3226, val_loss: 2.0728
2025-10-10 06:32:07 | epoch: 0010/11, training time: 61.5s, inference time: 1.9s
train loss: 2.3022, val_loss: 2.0577
2025-10-10 06:33:07 | epoch: 0011/11, training time: 58.0s, inference time: 1.8s
train loss: 2.2972, val_loss: 2.0411
val loss decrease from 2.0486 to 2.0411, saving model to ./save_model/grid_24_33/Model_GF_test_20251010_062105.pth
Training completed. Best model saved to ./save_model/grid_24_33/Model_GF_test_20251010_062105.pth
**** testing model ****
loading model from ./save_model/grid_24_33/Model_GF_test_20251010_062105.pth
model loaded!
evaluating...
train MAE: 1.9191, RMSE: 2.9604, MAPE: 6.58%
performance in each prediction step (train)
step 1: MAE=1.5969, RMSE=2.4102, MAPE=5.40%
step 2: MAE=1.9183, RMSE=2.9445, MAPE=6.51%
step 3: MAE=1.9609, RMSE=3.0252, MAPE=6.69%
step 4: MAE=1.9651, RMSE=3.0377, MAPE=6.73%
step 5: MAE=1.9691, RMSE=3.0479, MAPE=6.77%
step 6: MAE=1.9714, RMSE=3.0549, MAPE=6.79%
step 7: MAE=1.9776, RMSE=3.0687, MAPE=6.83%
step 8: MAE=1.9935, RMSE=3.0941, MAPE=6.89%
average: MAE=1.9191, RMSE=2.9604, MAPE=6.58%
val MAE: 2.0394, RMSE: 3.1264, MAPE: 6.97%
performance in each prediction step (val)
step 1: MAE=1.6675, RMSE=2.5062, MAPE=5.62%
step 2: MAE=2.0232, RMSE=3.0717, MAPE=6.87%
step 3: MAE=2.0803, RMSE=3.1807, MAPE=7.10%
step 4: MAE=2.0949, RMSE=3.2173, MAPE=7.17%
step 5: MAE=2.1064, RMSE=3.2431, MAPE=7.22%
step 6: MAE=2.1099, RMSE=3.2540, MAPE=7.24%
step 7: MAE=2.1113, RMSE=3.2635, MAPE=7.26%
step 8: MAE=2.1215, RMSE=3.2745, MAPE=7.29%
average: MAE=2.0394, RMSE=3.1264, MAPE=6.97%
test MAE: 2.0755, RMSE: 3.1730, MAPE: 7.08%
performance in each prediction step (test)
step 1: MAE=1.6777, RMSE=2.4911, MAPE=5.66%
step 2: MAE=2.0496, RMSE=3.1042, MAPE=6.95%
step 3: MAE=2.1159, RMSE=3.2352, MAPE=7.20%
step 4: MAE=2.1309, RMSE=3.2694, MAPE=7.28%
step 5: MAE=2.1451, RMSE=3.2933, MAPE=7.33%
step 6: MAE=2.1551, RMSE=3.3170, MAPE=7.38%
step 7: MAE=2.1592, RMSE=3.3287, MAPE=7.41%
step 8: MAE=2.1704, RMSE=3.3447, MAPE=7.45%
average: MAE=2.0755, RMSE=3.1730, MAPE=7.08%
total testing time: 18.2s
total time: 12.3min
